{"/Users/mac/pulsebusiness-backend/src/controllers/base.controller.ts": {"path":"/Users/mac/pulsebusiness-backend/src/controllers/base.controller.ts","statementMap":{"0":{"start":{"line":2,"column":0},"end":{"line":2,"column":42}},"1":{"start":{"line":11,"column":4},"end":{"line":26,"column":5}},"2":{"start":{"line":12,"column":22},"end":{"line":12,"column":42}},"3":{"start":{"line":13,"column":6},"end":{"line":15,"column":7}},"4":{"start":{"line":14,"column":8},"end":{"line":14,"column":68}},"5":{"start":{"line":17,"column":21},"end":{"line":19,"column":null}},"6":{"start":{"line":22,"column":6},"end":{"line":22,"column":28}},"7":{"start":{"line":24,"column":6},"end":{"line":24,"column":58}},"8":{"start":{"line":25,"column":6},"end":{"line":25,"column":74}},"9":{"start":{"line":34,"column":4},"end":{"line":51,"column":5}},"10":{"start":{"line":35,"column":21},"end":{"line":35,"column":31}},"11":{"start":{"line":36,"column":22},"end":{"line":36,"column":42}},"12":{"start":{"line":38,"column":21},"end":{"line":40,"column":null}},"13":{"start":{"line":43,"column":6},"end":{"line":45,"column":7}},"14":{"start":{"line":44,"column":8},"end":{"line":44,"column":71}},"15":{"start":{"line":47,"column":6},"end":{"line":47,"column":31}},"16":{"start":{"line":49,"column":6},"end":{"line":49,"column":59}},"17":{"start":{"line":50,"column":6},"end":{"line":50,"column":74}},"18":{"start":{"line":59,"column":4},"end":{"line":76,"column":5}},"19":{"start":{"line":60,"column":21},"end":{"line":60,"column":31}},"20":{"start":{"line":61,"column":22},"end":{"line":61,"column":42}},"21":{"start":{"line":63,"column":21},"end":{"line":65,"column":null}},"22":{"start":{"line":68,"column":6},"end":{"line":70,"column":7}},"23":{"start":{"line":69,"column":8},"end":{"line":69,"column":71}},"24":{"start":{"line":72,"column":6},"end":{"line":72,"column":52}},"25":{"start":{"line":74,"column":6},"end":{"line":74,"column":58}},"26":{"start":{"line":75,"column":6},"end":{"line":75,"column":73}},"27":{"start":{"line":4,"column":0},"end":{"line":4,"column":13}}},"fnMap":{"0":{"name":"(anonymous_0)","decl":{"start":{"line":5,"column":12},"end":{"line":5,"column":18}},"loc":{"start":{"line":9,"column":31},"end":{"line":27,"column":3}}},"1":{"name":"(anonymous_1)","decl":{"start":{"line":29,"column":12},"end":{"line":29,"column":18}},"loc":{"start":{"line":32,"column":21},"end":{"line":52,"column":3}}},"2":{"name":"(anonymous_2)","decl":{"start":{"line":54,"column":12},"end":{"line":54,"column":18}},"loc":{"start":{"line":57,"column":21},"end":{"line":77,"column":3}}}},"branchMap":{"0":{"loc":{"start":{"line":9,"column":4},"end":{"line":9,"column":31}},"type":"default-arg","locations":[{"start":{"line":9,"column":22},"end":{"line":9,"column":31}}]},"1":{"loc":{"start":{"line":13,"column":6},"end":{"line":15,"column":7}},"type":"if","locations":[{"start":{"line":13,"column":6},"end":{"line":15,"column":7}}]},"2":{"loc":{"start":{"line":43,"column":6},"end":{"line":45,"column":7}},"type":"if","locations":[{"start":{"line":43,"column":6},"end":{"line":45,"column":7}}]},"3":{"loc":{"start":{"line":68,"column":6},"end":{"line":70,"column":7}},"type":"if","locations":[{"start":{"line":68,"column":6},"end":{"line":70,"column":7}}]}},"s":{"0":1,"1":0,"2":0,"3":0,"4":0,"5":0,"6":0,"7":0,"8":0,"9":0,"10":0,"11":0,"12":0,"13":0,"14":0,"15":0,"16":0,"17":0,"18":0,"19":0,"20":0,"21":0,"22":0,"23":0,"24":0,"25":0,"26":0,"27":1},"f":{"0":0,"1":0,"2":0},"b":{"0":[0],"1":[0],"2":[0],"3":[0]}}
,"/Users/mac/pulsebusiness-backend/src/controllers/client.controller.ts": {"path":"/Users/mac/pulsebusiness-backend/src/controllers/client.controller.ts","statementMap":{"0":{"start":{"line":2,"column":0},"end":{"line":2,"column":42}},"1":{"start":{"line":3,"column":0},"end":{"line":3,"column":51}},"2":{"start":{"line":7,"column":4},"end":{"line":22,"column":5}},"3":{"start":{"line":8,"column":22},"end":{"line":8,"column":42}},"4":{"start":{"line":9,"column":6},"end":{"line":11,"column":7}},"5":{"start":{"line":10,"column":8},"end":{"line":10,"column":68}},"6":{"start":{"line":13,"column":21},"end":{"line":15,"column":null}},"7":{"start":{"line":18,"column":6},"end":{"line":18,"column":28}},"8":{"start":{"line":20,"column":6},"end":{"line":20,"column":53}},"9":{"start":{"line":21,"column":6},"end":{"line":21,"column":74}},"10":{"start":{"line":26,"column":4},"end":{"line":43,"column":5}},"11":{"start":{"line":27,"column":21},"end":{"line":27,"column":31}},"12":{"start":{"line":28,"column":22},"end":{"line":28,"column":42}},"13":{"start":{"line":30,"column":21},"end":{"line":32,"column":null}},"14":{"start":{"line":35,"column":6},"end":{"line":37,"column":7}},"15":{"start":{"line":36,"column":8},"end":{"line":36,"column":70}},"16":{"start":{"line":39,"column":6},"end":{"line":39,"column":31}},"17":{"start":{"line":41,"column":6},"end":{"line":41,"column":53}},"18":{"start":{"line":42,"column":6},"end":{"line":42,"column":74}},"19":{"start":{"line":47,"column":4},"end":{"line":66,"column":5}},"20":{"start":{"line":48,"column":22},"end":{"line":48,"column":42}},"21":{"start":{"line":49,"column":91},"end":{"line":49,"column":99}},"22":{"start":{"line":51,"column":6},"end":{"line":53,"column":7}},"23":{"start":{"line":52,"column":8},"end":{"line":52,"column":72}},"24":{"start":{"line":55,"column":21},"end":{"line":59,"column":null}},"25":{"start":{"line":62,"column":6},"end":{"line":62,"column":43}},"26":{"start":{"line":64,"column":6},"end":{"line":64,"column":52}},"27":{"start":{"line":65,"column":6},"end":{"line":65,"column":70}},"28":{"start":{"line":70,"column":4},"end":{"line":100,"column":5}},"29":{"start":{"line":71,"column":21},"end":{"line":71,"column":31}},"30":{"start":{"line":72,"column":22},"end":{"line":72,"column":42}},"31":{"start":{"line":73,"column":91},"end":{"line":73,"column":99}},"32":{"start":{"line":75,"column":21},"end":{"line":89,"column":null}},"33":{"start":{"line":92,"column":6},"end":{"line":94,"column":7}},"34":{"start":{"line":93,"column":8},"end":{"line":93,"column":70}},"35":{"start":{"line":96,"column":6},"end":{"line":96,"column":31}},"36":{"start":{"line":98,"column":6},"end":{"line":98,"column":52}},"37":{"start":{"line":99,"column":6},"end":{"line":99,"column":73}},"38":{"start":{"line":104,"column":4},"end":{"line":121,"column":5}},"39":{"start":{"line":105,"column":21},"end":{"line":105,"column":31}},"40":{"start":{"line":106,"column":22},"end":{"line":106,"column":42}},"41":{"start":{"line":108,"column":21},"end":{"line":110,"column":null}},"42":{"start":{"line":113,"column":6},"end":{"line":115,"column":7}},"43":{"start":{"line":114,"column":8},"end":{"line":114,"column":70}},"44":{"start":{"line":117,"column":6},"end":{"line":117,"column":52}},"45":{"start":{"line":119,"column":6},"end":{"line":119,"column":52}},"46":{"start":{"line":120,"column":6},"end":{"line":120,"column":73}},"47":{"start":{"line":5,"column":0},"end":{"line":5,"column":13}}},"fnMap":{"0":{"name":"(anonymous_0)","decl":{"start":{"line":6,"column":2},"end":{"line":6,"column":8}},"loc":{"start":{"line":6,"column":49},"end":{"line":23,"column":3}}},"1":{"name":"(anonymous_1)","decl":{"start":{"line":25,"column":2},"end":{"line":25,"column":8}},"loc":{"start":{"line":25,"column":50},"end":{"line":44,"column":3}}},"2":{"name":"(anonymous_2)","decl":{"start":{"line":46,"column":2},"end":{"line":46,"column":8}},"loc":{"start":{"line":46,"column":49},"end":{"line":67,"column":3}}},"3":{"name":"(anonymous_3)","decl":{"start":{"line":69,"column":2},"end":{"line":69,"column":8}},"loc":{"start":{"line":69,"column":49},"end":{"line":101,"column":3}}},"4":{"name":"(anonymous_4)","decl":{"start":{"line":103,"column":2},"end":{"line":103,"column":8}},"loc":{"start":{"line":103,"column":49},"end":{"line":122,"column":3}}}},"branchMap":{"0":{"loc":{"start":{"line":9,"column":6},"end":{"line":11,"column":7}},"type":"if","locations":[{"start":{"line":9,"column":6},"end":{"line":11,"column":7}}]},"1":{"loc":{"start":{"line":35,"column":6},"end":{"line":37,"column":7}},"type":"if","locations":[{"start":{"line":35,"column":6},"end":{"line":37,"column":7}}]},"2":{"loc":{"start":{"line":51,"column":6},"end":{"line":53,"column":7}},"type":"if","locations":[{"start":{"line":51,"column":6},"end":{"line":53,"column":7}}]},"3":{"loc":{"start":{"line":51,"column":10},"end":{"line":51,"column":24}},"type":"binary-expr","locations":[{"start":{"line":51,"column":10},"end":{"line":51,"column":14}},{"start":{"line":51,"column":18},"end":{"line":51,"column":24}}]},"4":{"loc":{"start":{"line":92,"column":6},"end":{"line":94,"column":7}},"type":"if","locations":[{"start":{"line":92,"column":6},"end":{"line":94,"column":7}}]},"5":{"loc":{"start":{"line":113,"column":6},"end":{"line":115,"column":7}},"type":"if","locations":[{"start":{"line":113,"column":6},"end":{"line":115,"column":7}}]}},"s":{"0":1,"1":1,"2":1,"3":1,"4":1,"5":0,"6":1,"7":1,"8":0,"9":0,"10":2,"11":2,"12":2,"13":2,"14":2,"15":1,"16":1,"17":0,"18":0,"19":2,"20":2,"21":2,"22":2,"23":1,"24":1,"25":1,"26":0,"27":0,"28":0,"29":0,"30":0,"31":0,"32":0,"33":0,"34":0,"35":0,"36":0,"37":0,"38":1,"39":1,"40":1,"41":1,"42":1,"43":0,"44":1,"45":0,"46":0,"47":1},"f":{"0":1,"1":2,"2":2,"3":0,"4":1},"b":{"0":[0],"1":[1],"2":[1],"3":[2,1],"4":[0],"5":[0]}}
}
