TN:
SF:src/controllers/base.controller.ts
FN:5,(anonymous_0)
FN:29,(anonymous_1)
FN:54,(anonymous_2)
FNF:3
FNH:0
FNDA:0,(anonymous_0)
FNDA:0,(anonymous_1)
FNDA:0,(anonymous_2)
DA:2,1
DA:4,1
DA:11,0
DA:12,0
DA:13,0
DA:14,0
DA:17,0
DA:22,0
DA:24,0
DA:25,0
DA:34,0
DA:35,0
DA:36,0
DA:38,0
DA:43,0
DA:44,0
DA:47,0
DA:49,0
DA:50,0
DA:59,0
DA:60,0
DA:61,0
DA:63,0
DA:68,0
DA:69,0
DA:72,0
DA:74,0
DA:75,0
LF:28
LH:2
BRDA:9,0,0,0
BRDA:13,1,0,0
BRDA:43,2,0,0
BRDA:68,3,0,0
BRF:4
BRH:0
end_of_record
TN:
SF:src/controllers/client.controller.ts
FN:6,(anonymous_0)
FN:25,(anonymous_1)
FN:46,(anonymous_2)
FN:69,(anonymous_3)
FN:103,(anonymous_4)
FNF:5
FNH:4
FNDA:1,(anonymous_0)
FNDA:2,(anonymous_1)
FNDA:2,(anonymous_2)
FNDA:0,(anonymous_3)
FNDA:1,(anonymous_4)
DA:2,1
DA:3,1
DA:5,1
DA:7,1
DA:8,1
DA:9,1
DA:10,0
DA:13,1
DA:18,1
DA:20,0
DA:21,0
DA:26,2
DA:27,2
DA:28,2
DA:30,2
DA:35,2
DA:36,1
DA:39,1
DA:41,0
DA:42,0
DA:47,2
DA:48,2
DA:49,2
DA:51,2
DA:52,1
DA:55,1
DA:62,1
DA:64,0
DA:65,0
DA:70,0
DA:71,0
DA:72,0
DA:73,0
DA:75,0
DA:92,0
DA:93,0
DA:96,0
DA:98,0
DA:99,0
DA:104,1
DA:105,1
DA:106,1
DA:108,1
DA:113,1
DA:114,0
DA:117,1
DA:119,0
DA:120,0
LF:48
LH:28
BRDA:9,0,0,0
BRDA:35,1,0,1
BRDA:51,2,0,1
BRDA:51,3,0,2
BRDA:51,3,1,1
BRDA:92,4,0,0
BRDA:113,5,0,0
BRF:7
BRH:4
end_of_record
